Determining if the pthread_create exist failed with the following output:
Change Dir: /home/robotics/workspace/gck4E/build/CMakeFiles/CMakeTmp

Run Build Command:"/usr/bin/make" "cmTC_6cea8/fast"
/usr/bin/make -f CMakeFiles/cmTC_6cea8.dir/build.make CMakeFiles/cmTC_6cea8.dir/build
make[1]: Entering directory '/home/robotics/workspace/gck4E/build/CMakeFiles/CMakeTmp'
Building C object CMakeFiles/cmTC_6cea8.dir/CheckSymbolExists.c.o
/usr/bin/cc    -o CMakeFiles/cmTC_6cea8.dir/CheckSymbolExists.c.o   -c /home/robotics/workspace/gck4E/build/CMakeFiles/CMakeTmp/CheckSymbolExists.c
Linking C executable cmTC_6cea8
/usr/bin/cmake -E cmake_link_script CMakeFiles/cmTC_6cea8.dir/link.txt --verbose=1
/usr/bin/cc      -rdynamic CMakeFiles/cmTC_6cea8.dir/CheckSymbolExists.c.o  -o cmTC_6cea8 
CMakeFiles/cmTC_6cea8.dir/CheckSymbolExists.c.o: In function `main':
CheckSymbolExists.c:(.text+0x1b): undefined reference to `pthread_create'
collect2: error: ld returned 1 exit status
CMakeFiles/cmTC_6cea8.dir/build.make:97: recipe for target 'cmTC_6cea8' failed
make[1]: *** [cmTC_6cea8] Error 1
make[1]: Leaving directory '/home/robotics/workspace/gck4E/build/CMakeFiles/CMakeTmp'
Makefile:126: recipe for target 'cmTC_6cea8/fast' failed
make: *** [cmTC_6cea8/fast] Error 2

File /home/robotics/workspace/gck4E/build/CMakeFiles/CMakeTmp/CheckSymbolExists.c:
/* */
#include <pthread.h>

int main(int argc, char** argv)
{
  (void)argv;
#ifndef pthread_create
  return ((int*)(&pthread_create))[argc];
#else
  (void)argc;
  return 0;
#endif
}

Determining if the function pthread_create exists in the pthreads failed with the following output:
Change Dir: /home/robotics/workspace/gck4E/build/CMakeFiles/CMakeTmp

Run Build Command:"/usr/bin/make" "cmTC_94702/fast"
/usr/bin/make -f CMakeFiles/cmTC_94702.dir/build.make CMakeFiles/cmTC_94702.dir/build
make[1]: Entering directory '/home/robotics/workspace/gck4E/build/CMakeFiles/CMakeTmp'
Building C object CMakeFiles/cmTC_94702.dir/CheckFunctionExists.c.o
/usr/bin/cc   -DCHECK_FUNCTION_EXISTS=pthread_create   -o CMakeFiles/cmTC_94702.dir/CheckFunctionExists.c.o   -c /usr/share/cmake-3.10/Modules/CheckFunctionExists.c
Linking C executable cmTC_94702
/usr/bin/cmake -E cmake_link_script CMakeFiles/cmTC_94702.dir/link.txt --verbose=1
/usr/bin/cc  -DCHECK_FUNCTION_EXISTS=pthread_create    -rdynamic CMakeFiles/cmTC_94702.dir/CheckFunctionExists.c.o  -o cmTC_94702 -lpthreads 
/usr/bin/ld: cannot find -lpthreads
collect2: error: ld returned 1 exit status
CMakeFiles/cmTC_94702.dir/build.make:97: recipe for target 'cmTC_94702' failed
make[1]: *** [cmTC_94702] Error 1
make[1]: Leaving directory '/home/robotics/workspace/gck4E/build/CMakeFiles/CMakeTmp'
Makefile:126: recipe for target 'cmTC_94702/fast' failed
make: *** [cmTC_94702/fast] Error 2


